<?xml version="1.0" encoding="UTF-8"?>
<Site BuildName="(empty)"
	BuildStamp="20250402-0654-Experimental"
	Name="(empty)"
	Generator="ctest-4.0.0"
	CompilerName=""
	CompilerVersion=""
	OSName="Linux"
	Hostname="thomas-hp250g10"
	OSRelease="6.13.8-arch1-1"
	OSVersion="#1 SMP PREEMPT_DYNAMIC Sun, 23 Mar 2025 17:17:30 +0000"
	OSPlatform="x86_64"
	Is64Bits="1"
	VendorString="GenuineIntel"
	VendorID="Intel Corporation"
	FamilyID="6"
	ModelID="186"
	ModelName="13th Gen Intel(R) Core(TM) i7-1355U"
	ProcessorCacheSize="12288"
	NumberOfLogicalCPU="12"
	NumberOfPhysicalCPU="10"
	TotalVirtualMemory="0"
	TotalPhysicalMemory="63943"
	LogicalProcessorsPerPhysical="1"
	ProcessorClockFrequency="400.189"
	>
	<Testing>
		<StartDateTime>Apr 02 08:54 CEST</StartDateTime>
		<StartTestTime>1743576892</StartTestTime>
		<TestList/>
		<EndDateTime>Apr 02 08:54 CEST</EndDateTime>
		<EndTestTime>1743576892</EndTestTime>
		<ElapsedMinutes>0</ElapsedMinutes>
	</Testing>
</Site>
